<?xml version="1.0" encoding="UTF-8"?>
<testsuite name="ComputerRepairRequestTest" tests="2" skipped="0" failures="0" errors="0" timestamp="2022-03-01T08:06:56" hostname="mihai-HP-ZBook-Power-G7-Mobile-Workstation" time="0.011">
  <properties/>
  <testcase name="Test ComputerRepairRequest owner setter" classname="ComputerRepairRequestTest" time="0.01"/>
  <testcase name="Test ComputerRepairRequest initialization" classname="ComputerRepairRequestTest" time="0.001"/>
  <system-out><![CDATA[]]></system-out>
  <system-err><![CDATA[]]></system-err>
</testsuite>
